INFO:root:The query variable is: ['Alarm', 'Earthquake']
INFO:root:The observed values are: {'Burglary': 'True'}
INFO:root:The elimination order is: ['JohnCalls', 'MaryCalls']
INFO:root:Initial factors:
INFO:root:  Earthquake  prob
0       True  0.02
1      False  0.98
INFO:root:   Alarm Earthquake  prob
0   True       True  0.95
1  False       True  0.05
4   True      False  0.94
5  False      False  0.06
INFO:root:  JohnCalls  Alarm  prob
0      True   True  0.90
1     False   True  0.10
2      True  False  0.05
3     False  False  0.95
INFO:root:  MaryCalls  Alarm  prob
0      True   True  0.70
1     False   True  0.30
2      True  False  0.01
3     False  False  0.99
INFO:root:----------------------------------
INFO:root:Running Variable Elimination:
INFO:root:The next variable to eliminate is JohnCalls
INFO:root:The resulting factors are:
INFO:root:  Earthquake  prob
0       True  0.02
1      False  0.98
INFO:root:   Alarm Earthquake  prob
0   True       True  0.95
1  False       True  0.05
4   True      False  0.94
5  False      False  0.06
INFO:root:  MaryCalls  Alarm  prob
0      True   True  0.70
1     False   True  0.30
2      True  False  0.01
3     False  False  0.99
INFO:root:   Alarm  prob
0  False   1.0
1   True   1.0
INFO:root:----------------------------------
INFO:root:Variables left to eliminate are: ['MaryCalls']
INFO:root:The next variable to eliminate is MaryCalls
INFO:root:The resulting factors are:
INFO:root:  Earthquake  prob
0       True  0.02
1      False  0.98
INFO:root:   Alarm Earthquake  prob
0   True       True  0.95
1  False       True  0.05
4   True      False  0.94
5  False      False  0.06
INFO:root:   Alarm  prob
0  False   1.0
1   True   1.0
INFO:root:   Alarm  prob
0  False   1.0
1   True   1.0
INFO:root:----------------------------------
INFO:root:Variables left to eliminate are: []
INFO:root:Resulting factor is:
INFO:root:  Earthquake  Alarm    prob
0       True   True  0.0190
1       True  False  0.0010
2      False   True  0.9212
3      False  False  0.0588
